<?xml version="1.0" encoding="UTF-8"?>
<testng-results skipped="0" failed="1" ignored="0" total="3" passed="2">
  <reporter-output>
  </reporter-output>
  <suite name="net.nvcm.testResult" duration-ms="17047" started-at="2017-09-26T13:54:48Z" finished-at="2017-09-26T13:55:05Z">
    <groups>
    </groups>
    <test name="net.nvcm.jenkinstest" duration-ms="17047" started-at="2017-09-26T13:54:48Z" finished-at="2017-09-26T13:55:05Z">
      <class name="net.nvcm.jenkinstest.JenkinsTestApplicationTests">
        <test-method status="PASS" signature="springTestContextBeforeTestClass()[pri:0, instance:net.nvcm.jenkinstest.JenkinsTestApplicationTests@564718df]" name="springTestContextBeforeTestClass" is-config="true" duration-ms="46" started-at="2017-09-26T16:54:48Z" finished-at="2017-09-26T16:54:48Z">
          <reporter-output>
          </reporter-output>
        </test-method> <!-- springTestContextBeforeTestClass -->
        <test-method status="PASS" signature="springTestContextPrepareTestInstance()[pri:0, instance:net.nvcm.jenkinstest.JenkinsTestApplicationTests@564718df]" name="springTestContextPrepareTestInstance" is-config="true" duration-ms="15055" started-at="2017-09-26T16:54:48Z" depends-on-methods="org.springframework.test.context.testng.AbstractTestNGSpringContextTests.springTestContextBeforeTestClass" finished-at="2017-09-26T16:55:03Z">
          <reporter-output>
          </reporter-output>
        </test-method> <!-- springTestContextPrepareTestInstance -->
        <test-method status="PASS" signature="tryToCalcluate(java.lang.String, java.lang.String)[pri:0, instance:net.nvcm.jenkinstest.JenkinsTestApplicationTests@564718df]" name="tryToCalcluate" duration-ms="914" started-at="2017-09-26T16:55:04Z" data-provider="devideTestdata" finished-at="2017-09-26T16:55:04Z">
          <params>
            <param index="0">
              <value>
                <![CDATA[6]]>
              </value>
            </param>
            <param index="1">
              <value>
                <![CDATA[2]]>
              </value>
            </param>
          </params>
          <reporter-output>
          </reporter-output>
        </test-method> <!-- tryToCalcluate -->
        <test-method status="PASS" signature="springTestContextBeforeTestMethod(java.lang.reflect.Method)[pri:0, instance:net.nvcm.jenkinstest.JenkinsTestApplicationTests@564718df]" name="springTestContextBeforeTestMethod" is-config="true" duration-ms="0" started-at="2017-09-26T16:55:04Z" finished-at="2017-09-26T16:55:04Z">
          <params>
            <param index="0">
              <value>
                <![CDATA[public void net.nvcm.jenkinstest.JenkinsTestApplicationTests.tryToCalcluate(java.lang.String,java.lang.String)]]>
              </value>
            </param>
          </params>
          <reporter-output>
          </reporter-output>
        </test-method> <!-- springTestContextBeforeTestMethod -->
        <test-method status="PASS" signature="tryToCalcluate(java.lang.String, java.lang.String)[pri:0, instance:net.nvcm.jenkinstest.JenkinsTestApplicationTests@564718df]" name="tryToCalcluate" duration-ms="10" started-at="2017-09-26T16:55:04Z" data-provider="devideTestdata" finished-at="2017-09-26T16:55:04Z">
          <params>
            <param index="0">
              <value>
                <![CDATA[6]]>
              </value>
            </param>
            <param index="1">
              <value>
                <![CDATA[3]]>
              </value>
            </param>
          </params>
          <reporter-output>
          </reporter-output>
        </test-method> <!-- tryToCalcluate -->
        <test-method status="PASS" signature="springTestContextBeforeTestMethod(java.lang.reflect.Method)[pri:0, instance:net.nvcm.jenkinstest.JenkinsTestApplicationTests@564718df]" name="springTestContextBeforeTestMethod" is-config="true" duration-ms="0" started-at="2017-09-26T16:55:04Z" finished-at="2017-09-26T16:55:04Z">
          <params>
            <param index="0">
              <value>
                <![CDATA[public void net.nvcm.jenkinstest.JenkinsTestApplicationTests.tryToCalcluate(java.lang.String,java.lang.String)]]>
              </value>
            </param>
          </params>
          <reporter-output>
          </reporter-output>
        </test-method> <!-- springTestContextBeforeTestMethod -->
        <test-method status="PASS" signature="springTestContextAfterTestMethod(java.lang.reflect.Method)[pri:0, instance:net.nvcm.jenkinstest.JenkinsTestApplicationTests@564718df]" name="springTestContextAfterTestMethod" is-config="true" duration-ms="0" started-at="2017-09-26T16:55:04Z" finished-at="2017-09-26T16:55:04Z">
          <params>
            <param index="0">
              <value>
                <![CDATA[public void net.nvcm.jenkinstest.JenkinsTestApplicationTests.tryToCalcluate(java.lang.String,java.lang.String)]]>
              </value>
            </param>
          </params>
          <reporter-output>
          </reporter-output>
        </test-method> <!-- springTestContextAfterTestMethod -->
        <test-method status="PASS" signature="springTestContextAfterTestMethod(java.lang.reflect.Method)[pri:0, instance:net.nvcm.jenkinstest.JenkinsTestApplicationTests@564718df]" name="springTestContextAfterTestMethod" is-config="true" duration-ms="0" started-at="2017-09-26T16:55:04Z" finished-at="2017-09-26T16:55:04Z">
          <params>
            <param index="0">
              <value>
                <![CDATA[public void net.nvcm.jenkinstest.JenkinsTestApplicationTests.tryToCalcluate(java.lang.String,java.lang.String)]]>
              </value>
            </param>
          </params>
          <reporter-output>
          </reporter-output>
        </test-method> <!-- springTestContextAfterTestMethod -->
        <test-method status="FAIL" signature="tryToCalcluate(java.lang.String, java.lang.String)[pri:0, instance:net.nvcm.jenkinstest.JenkinsTestApplicationTests@564718df]" name="tryToCalcluate" duration-ms="204" started-at="2017-09-26T16:55:04Z" data-provider="devideTestdata" finished-at="2017-09-26T16:55:05Z">
          <params>
            <param index="0">
              <value>
                <![CDATA[6]]>
              </value>
            </param>
            <param index="1">
              <value>
                <![CDATA[0]]>
              </value>
            </param>
          </params>
          <exception class="java.lang.AssertionError">
            <message>
              <![CDATA[expected [true] but found [false]]]>
            </message>
            <full-stacktrace>
              <![CDATA[java.lang.AssertionError: expected [true] but found [false]
	at org.testng.Assert.fail(Assert.java:94)
	at org.testng.Assert.failNotEquals(Assert.java:513)
	at org.testng.Assert.assertTrue(Assert.java:42)
	at org.testng.Assert.assertTrue(Assert.java:52)
	at net.nvcm.jenkinstest.JenkinsTestApplicationTests.tryToCalcluate(JenkinsTestApplicationTests.java:40)
	at sun.reflect.NativeMethodAccessorImpl.invoke0(Native Method)
	at sun.reflect.NativeMethodAccessorImpl.invoke(NativeMethodAccessorImpl.java:62)
	at sun.reflect.DelegatingMethodAccessorImpl.invoke(DelegatingMethodAccessorImpl.java:43)
	at java.lang.reflect.Method.invoke(Method.java:498)
	at org.testng.internal.MethodInvocationHelper.invokeMethod(MethodInvocationHelper.java:104)
	at org.testng.internal.MethodInvocationHelper$1.runTestMethod(MethodInvocationHelper.java:205)
	at org.springframework.test.context.testng.AbstractTestNGSpringContextTests.run(AbstractTestNGSpringContextTests.java:175)
	at org.testng.internal.MethodInvocationHelper.invokeHookable(MethodInvocationHelper.java:217)
	at org.testng.internal.Invoker.invokeMethod(Invoker.java:641)
	at org.testng.internal.Invoker.invokeTestMethod(Invoker.java:851)
	at org.testng.internal.Invoker.invokeTestMethods(Invoker.java:1177)
	at org.testng.internal.TestMethodWorker.invokeTestMethods(TestMethodWorker.java:129)
	at org.testng.internal.TestMethodWorker.run(TestMethodWorker.java:112)
	at org.testng.TestRunner.privateRun(TestRunner.java:756)
	at org.testng.TestRunner.run(TestRunner.java:610)
	at org.testng.SuiteRunner.runTest(SuiteRunner.java:387)
	at org.testng.SuiteRunner.runSequentially(SuiteRunner.java:382)
	at org.testng.SuiteRunner.privateRun(SuiteRunner.java:340)
	at org.testng.SuiteRunner.run(SuiteRunner.java:289)
	at org.testng.SuiteRunnerWorker.runSuite(SuiteRunnerWorker.java:52)
	at org.testng.SuiteRunnerWorker.run(SuiteRunnerWorker.java:86)
	at org.testng.TestNG.runSuitesSequentially(TestNG.java:1293)
	at org.testng.TestNG.runSuitesLocally(TestNG.java:1218)
	at org.testng.TestNG.runSuites(TestNG.java:1133)
	at org.testng.TestNG.run(TestNG.java:1104)
	at org.testng.IDEARemoteTestNG.run(IDEARemoteTestNG.java:72)
	at org.testng.RemoteTestNGStarter.main(RemoteTestNGStarter.java:123)
]]>
            </full-stacktrace>
          </exception> <!-- java.lang.AssertionError -->
          <reporter-output>
          </reporter-output>
        </test-method> <!-- tryToCalcluate -->
        <test-method status="PASS" signature="springTestContextBeforeTestMethod(java.lang.reflect.Method)[pri:0, instance:net.nvcm.jenkinstest.JenkinsTestApplicationTests@564718df]" name="springTestContextBeforeTestMethod" is-config="true" duration-ms="0" started-at="2017-09-26T16:55:04Z" finished-at="2017-09-26T16:55:04Z">
          <params>
            <param index="0">
              <value>
                <![CDATA[public void net.nvcm.jenkinstest.JenkinsTestApplicationTests.tryToCalcluate(java.lang.String,java.lang.String)]]>
              </value>
            </param>
          </params>
          <reporter-output>
          </reporter-output>
        </test-method> <!-- springTestContextBeforeTestMethod -->
        <test-method status="PASS" signature="springTestContextAfterTestClass()[pri:0, instance:net.nvcm.jenkinstest.JenkinsTestApplicationTests@564718df]" name="springTestContextAfterTestClass" is-config="true" duration-ms="631" started-at="2017-09-26T16:55:05Z" finished-at="2017-09-26T16:55:05Z">
          <reporter-output>
          </reporter-output>
        </test-method> <!-- springTestContextAfterTestClass -->
        <test-method status="PASS" signature="springTestContextAfterTestMethod(java.lang.reflect.Method)[pri:0, instance:net.nvcm.jenkinstest.JenkinsTestApplicationTests@564718df]" name="springTestContextAfterTestMethod" is-config="true" duration-ms="0" started-at="2017-09-26T16:55:05Z" finished-at="2017-09-26T16:55:05Z">
          <params>
            <param index="0">
              <value>
                <![CDATA[public void net.nvcm.jenkinstest.JenkinsTestApplicationTests.tryToCalcluate(java.lang.String,java.lang.String)]]>
              </value>
            </param>
          </params>
          <reporter-output>
          </reporter-output>
        </test-method> <!-- springTestContextAfterTestMethod -->
      </class> <!-- net.nvcm.jenkinstest.JenkinsTestApplicationTests -->
    </test> <!-- net.nvcm.jenkinstest -->
  </suite> <!-- net.nvcm.testResult -->
</testng-results>
